<?xml version="1.0" encoding="UTF-8"?>
<!-- Generated by org.testng.reporters.JUnitXMLReporter -->
<testsuite ignored="0" hostname="PSDLAP385" failures="0" tests="8" name="Default test" time="71.709" errors="0" timestamp="2024-12-27T02:33:52 IST">
  <testcase classname="test.MagicHealthTestcases" name="TC_001_Verifying_Click_on_Home_Button_on_Landing_Page_USER" time="0.332"/>
  <testcase classname="test.MagicHealthTestcases" name="TC_002_Verifying_Click_on_Explore_Solutions_Button_on_Home_Page_USER" time="2.364"/>
  <testcase classname="test.MagicHealthTestcases" name="TC_003_Verifying_Navigation_to_the_Request_Demo_In_HomePage_USER" time="0.248"/>
  <testcase classname="test.MagicHealthTestcases" name="TC_004_Verifying_Navigation_to_the_Request_Demo_at_ContactUs_Form_In_HomePage_USER" time="6.014"/>
  <testcase classname="test.MagicHealthTestcases" name="TC_005_Verifying_Explore_Our_Solutions_Button_Functionality_USER" time="1.793"/>
  <testcase classname="test.MagicHealthTestcases" name="TC_006_Verifying_Click_on_Product_Button_on_Landing_Page_Functionality_USER" time="1.126"/>
  <testcase classname="test.MagicHealthTestcases" name="TC_007_Verifying_Navigation_to_the_Request_Demo_In_Products_Page_USER" time="1.403"/>
  <testcase classname="test.MagicHealthTestcases" name="TC_008_Verifying_Navigation_to_the_Request_Demo_at_ContactUs_Form_In_Products_Page_USER" time="7.104"/>
</testsuite> <!-- Default test -->
